{"/home/satcha/Downloads/PKF48Docs/doc1/webDev/React/notes-app-frontend/src/helsinki_course/forms/Note.jsx": {"path":"/home/satcha/Downloads/PKF48Docs/doc1/webDev/React/notes-app-frontend/src/helsinki_course/forms/Note.jsx","statementMap":{"0":{"start":{"line":5,"column":21},"end":{"line":5,"column":77}},"1":{"start":{"line":10,"column":8},"end":{"line":10,"column":33}},"2":{"start":{"line":13,"column":8},"end":{"line":13,"column":24}},"3":{"start":{"line":16,"column":4},"end":{"line":16,"column":145}},"4":{"start":{"line":19,"column":0},"end":{"line":22,"column":1}}},"fnMap":{"0":{"name":"Note","decl":{"start":{"line":3,"column":9},"end":{"line":3,"column":13}},"loc":{"start":{"line":3,"column":47},"end":{"line":17,"column":1}},"line":3},"1":{"name":"handleDel","decl":{"start":{"line":9,"column":13},"end":{"line":9,"column":22}},"loc":{"start":{"line":9,"column":25},"end":{"line":11,"column":5}},"line":9},"2":{"name":"changedNote","decl":{"start":{"line":12,"column":13},"end":{"line":12,"column":24}},"loc":{"start":{"line":12,"column":27},"end":{"line":14,"column":5}},"line":12}},"branchMap":{"0":{"loc":{"start":{"line":5,"column":21},"end":{"line":5,"column":77}},"type":"cond-expr","locations":[{"start":{"line":5,"column":38},"end":{"line":5,"column":58}},{"start":{"line":5,"column":61},"end":{"line":5,"column":77}}],"line":5}},"s":{"0":1,"1":0,"2":1,"3":1,"4":1},"f":{"0":1,"1":0,"2":1},"b":{"0":[1,0]},"_coverageSchema":"1a1c01bbd47fc00a2c39e90264f33305004495a9","hash":"786973dfcfe63f76c2c1e4e67e2f49ac47753a1d"}
,"/home/satcha/Downloads/PKF48Docs/doc1/webDev/React/notes-app-frontend/src/helsinki_course/forms/NoteForm.jsx": {"path":"/home/satcha/Downloads/PKF48Docs/doc1/webDev/React/notes-app-frontend/src/helsinki_course/forms/NoteForm.jsx","statementMap":{"0":{"start":{"line":5,"column":34},"end":{"line":5,"column":46}},"1":{"start":{"line":8,"column":8},"end":{"line":8,"column":35}},"2":{"start":{"line":12,"column":8},"end":{"line":12,"column":26}},"3":{"start":{"line":13,"column":8},"end":{"line":13,"column":25}},"4":{"start":{"line":16,"column":4},"end":{"line":24,"column":5}}},"fnMap":{"0":{"name":"NoteForm","decl":{"start":{"line":3,"column":9},"end":{"line":3,"column":17}},"loc":{"start":{"line":3,"column":32},"end":{"line":25,"column":1}},"line":3},"1":{"name":"handleNoteChange","decl":{"start":{"line":7,"column":13},"end":{"line":7,"column":29}},"loc":{"start":{"line":7,"column":33},"end":{"line":9,"column":5}},"line":7},"2":{"name":"processNotes","decl":{"start":{"line":11,"column":13},"end":{"line":11,"column":25}},"loc":{"start":{"line":11,"column":29},"end":{"line":14,"column":5}},"line":11}},"branchMap":{},"s":{"0":19,"1":18,"2":1,"3":1,"4":19},"f":{"0":19,"1":18,"2":1},"b":{},"_coverageSchema":"1a1c01bbd47fc00a2c39e90264f33305004495a9","hash":"00f51ad7e0b3b3b5461ab569270aac6f5b9be38e"}
,"/home/satcha/Downloads/PKF48Docs/doc1/webDev/React/notes-app-frontend/src/helsinki_course/forms/Togglable.jsx": {"path":"/home/satcha/Downloads/PKF48Docs/doc1/webDev/React/notes-app-frontend/src/helsinki_course/forms/Togglable.jsx","statementMap":{"0":{"start":{"line":5,"column":18},"end":{"line":31,"column":2}},"1":{"start":{"line":7,"column":38},"end":{"line":7,"column":53}},"2":{"start":{"line":9,"column":28},"end":{"line":9,"column":64}},"3":{"start":{"line":10,"column":28},"end":{"line":10,"column":64}},"4":{"start":{"line":13,"column":8},"end":{"line":13,"column":33}},"5":{"start":{"line":16,"column":4},"end":{"line":18,"column":7}},"6":{"start":{"line":17,"column":8},"end":{"line":17,"column":35}},"7":{"start":{"line":20,"column":4},"end":{"line":30,"column":5}},"8":{"start":{"line":33,"column":0},"end":{"line":33,"column":36}},"9":{"start":{"line":35,"column":0},"end":{"line":37,"column":1}}},"fnMap":{"0":{"name":"(anonymous_0)","decl":{"start":{"line":5,"column":29},"end":{"line":5,"column":30}},"loc":{"start":{"line":5,"column":46},"end":{"line":31,"column":1}},"line":5},"1":{"name":"handleVisibility","decl":{"start":{"line":12,"column":13},"end":{"line":12,"column":29}},"loc":{"start":{"line":12,"column":32},"end":{"line":14,"column":5}},"line":12},"2":{"name":"(anonymous_2)","decl":{"start":{"line":16,"column":30},"end":{"line":16,"column":31}},"loc":{"start":{"line":16,"column":36},"end":{"line":18,"column":5}},"line":16}},"branchMap":{"0":{"loc":{"start":{"line":9,"column":39},"end":{"line":9,"column":62}},"type":"cond-expr","locations":[{"start":{"line":9,"column":51},"end":{"line":9,"column":57}},{"start":{"line":9,"column":60},"end":{"line":9,"column":62}}],"line":9},"1":{"loc":{"start":{"line":10,"column":39},"end":{"line":10,"column":62}},"type":"cond-expr","locations":[{"start":{"line":10,"column":51},"end":{"line":10,"column":53}},{"start":{"line":10,"column":56},"end":{"line":10,"column":62}}],"line":10}},"s":{"0":1,"1":7,"2":7,"3":7,"4":3,"5":7,"6":0,"7":7,"8":1,"9":1},"f":{"0":7,"1":3,"2":0},"b":{"0":[2,5],"1":[2,5]},"_coverageSchema":"1a1c01bbd47fc00a2c39e90264f33305004495a9","hash":"43915bb8e2c237de7adb95210751c0154950fadb"}
}
