TN:
SF:src/helsinki_course/forms/Note.jsx
FN:3,Note
FN:9,handleDel
FN:12,changedNote
FNF:3
FNH:2
FNDA:1,Note
FNDA:0,handleDel
FNDA:1,changedNote
DA:5,1
DA:10,0
DA:13,1
DA:16,1
DA:19,1
LF:5
LH:4
BRDA:5,0,0,1
BRDA:5,0,1,0
BRF:2
BRH:1
end_of_record
TN:
SF:src/helsinki_course/forms/NoteForm.jsx
FN:3,NoteForm
FN:7,handleNoteChange
FN:11,processNotes
FNF:3
FNH:3
FNDA:19,NoteForm
FNDA:18,handleNoteChange
FNDA:1,processNotes
DA:5,19
DA:8,18
DA:12,1
DA:13,1
DA:16,19
LF:5
LH:5
BRF:0
BRH:0
end_of_record
TN:
SF:src/helsinki_course/forms/Togglable.jsx
FN:5,(anonymous_0)
FN:12,handleVisibility
FN:16,(anonymous_2)
FNF:3
FNH:2
FNDA:7,(anonymous_0)
FNDA:3,handleVisibility
FNDA:0,(anonymous_2)
DA:5,1
DA:7,7
DA:9,7
DA:10,7
DA:13,3
DA:16,7
DA:17,0
DA:20,7
DA:33,1
DA:35,1
LF:10
LH:9
BRDA:9,0,0,2
BRDA:9,0,1,5
BRDA:10,1,0,2
BRDA:10,1,1,5
BRF:4
BRH:4
end_of_record
